<?xml version="1.0" encoding="UTF-8"?>
<!-- Generated by org.testng.reporters.JUnitReportReporter -->
<testsuite hostname="SanRitVijay" failures="0" tests="5" name="com.testng.test.LoginTest" time="46.077" errors="0" timestamp="2024-12-13T21:41:02 GMT-07:00" skipped="0">
  <testcase classname="com.testng.test.LoginTest" name="checkrememberMe" time="8.563"/>
  <system-out/>
  <testcase classname="com.testng.test.LoginTest" name="noPassword" time="7.205"/>
  <system-out/>
  <testcase classname="com.testng.test.LoginTest" name="successfullLogin" time="8.191"/>
  <system-out/>
  <testcase classname="com.testng.test.LoginTest" name="invalidCredentials" time="14.830"/>
  <system-out/>
  <testcase classname="com.testng.test.LoginTest" name="forgotPassword" time="7.288"/>
  <system-out/>
</testsuite> <!-- com.testng.test.LoginTest -->
